Adding two vectors of 655360 integer elements.
vector-add (seq):               3116us
vector-add (H2D):               1397us
vector-add (kernel):            67us
vector-add (D2H):               2982us
results OK!
Adding two vectors of 256 integer elements.
vector-add (seq):               0us
vector-add (H2D):               61us
vector-add (kernel):            39us
vector-add (D2H):               26us
results OK!
Adding two vectors of 1024 integer elements.
vector-add (seq):               7us
vector-add (H2D):               38us
vector-add (kernel):            22us
vector-add (D2H):               22us
results OK!
Adding two vectors of 655360 integer elements.
vector-add (seq):               1891us
vector-add (H2D):               1796us
vector-add (kernel):            70us
vector-add (D2H):               5254us
results OK!
Adding two vectors of 1000448 integer elements.
vector-add (seq):               3408us
vector-add (H2D):               2124us
vector-add (kernel):            114us
vector-add (D2H):               3008us
results OK!
Adding two vectors of 655360 integer elements: sizes (10240, 64) 
vector-add (seq):    		1644us
vector-add (kernel): 		70us
vector-add (H2D):    		1417us
vector-add (D2H):    		2915us
results OK!
Adding two vectors of 655360 integer elements: sizes (5120,128).
vector-add (seq):    		2603us
vector-add (kernel): 		72us
vector-add (H2D):    		1432us
vector-add (D2H):    		1451us
results OK!
Adding two vectors of 655360 integer elements: sizes (2560,256)
vector-add (seq):    		2933us
vector-add (kernel): 		75us
vector-add (H2D):    		1415us
vector-add (D2H):    		2905us
results OK!
Adding two vectors of 655360 integer elements. sizes (512,1280)
vector-add (seq):    		1613us
vector-add (kernel): 		73us
vector-add (H2D):    		1452us
vector-add (D2H):    		3011us
results OK!
Adding two vectors of 655360 integer elements. sizes (1024, 640)
vector-add (seq):    		3407us
vector-add (kernel): 		74us
vector-add (H2D):    		1427us
vector-add (D2H):    		3087us
results OK!
Subtract two vectors of 655360 integer elements.
vector-sub (seq):               3608us
vector-sub (H2D):               1423us
vector-sub (kernel):            68us
vector-sub (D2H):               3025us
results OK!
Multiply two vectors of 655360 integer elements.
vector-mul (seq):               2929us
vector-mul (H2D):               1422us
vector-mul (kernel):            76us
vector-mul (D2H):               1485us
results OK!
Divison two vectors of 655360 integer elements.
vector-div (seq):               3174us
vector-div (H2D):               1428us
vector-div (kernel):            74us
vector-div (D2H):               3064us
results OK!